<?xml version="1.0" encoding="UTF-8"?>
<testsuite xmlns:xsi="http://www.w3.org/2001/XMLSchema-instance" xsi:noNamespaceSchemaLocation="https://maven.apache.org/surefire/maven-surefire-plugin/xsd/surefire-test-report.xsd" name="com.group_twelve.businesslogic.BookingManagerTest" time="0.088" tests="8" errors="8" skipped="0" failures="0">
  <properties>
    <property name="java.specification.version" value="16"/>
    <property name="sun.jnu.encoding" value="UTF-8"/>
    <property name="java.class.path" value="/Users/patrickvanleipsig/Documents/GitHub/prj2-2021-prj2-2021-12/implementation/BusinessLogic/target/test-classes:/Users/patrickvanleipsig/.m2/repository/org/postgresql/postgresql/42.2.5/postgresql-42.2.5.jar:/Users/patrickvanleipsig/.m2/repository/org/assertj/assertj-core/3.18.1/assertj-core-3.18.1.jar:/Users/patrickvanleipsig/.m2/repository/org/mockito/mockito-core/3.5.13/mockito-core-3.5.13.jar:/Users/patrickvanleipsig/.m2/repository/net/bytebuddy/byte-buddy/1.10.15/byte-buddy-1.10.15.jar:/Users/patrickvanleipsig/.m2/repository/net/bytebuddy/byte-buddy-agent/1.10.15/byte-buddy-agent-1.10.15.jar:/Users/patrickvanleipsig/.m2/repository/org/objenesis/objenesis/3.1/objenesis-3.1.jar:/Users/patrickvanleipsig/.m2/repository/org/mockito/mockito-junit-jupiter/3.5.13/mockito-junit-jupiter-3.5.13.jar:/Users/patrickvanleipsig/.m2/repository/org/junit/jupiter/junit-jupiter-api/5.7.0/junit-jupiter-api-5.7.0.jar:/Users/patrickvanleipsig/.m2/repository/org/apiguardian/apiguardian-api/1.1.0/apiguardian-api-1.1.0.jar:/Users/patrickvanleipsig/.m2/repository/org/opentest4j/opentest4j/1.2.0/opentest4j-1.2.0.jar:/Users/patrickvanleipsig/.m2/repository/org/junit/platform/junit-platform-commons/1.7.0/junit-platform-commons-1.7.0.jar:/Users/patrickvanleipsig/.m2/repository/org/junit/jupiter/junit-jupiter-params/5.7.0/junit-jupiter-params-5.7.0.jar:/Users/patrickvanleipsig/.m2/repository/org/junit/jupiter/junit-jupiter-engine/5.7.0/junit-jupiter-engine-5.7.0.jar:/Users/patrickvanleipsig/.m2/repository/org/junit/platform/junit-platform-engine/1.7.0/junit-platform-engine-1.7.0.jar:"/>
    <property name="java.vm.vendor" value="Oracle Corporation"/>
    <property name="sun.arch.data.model" value="64"/>
    <property name="java.vendor.url" value="https://java.oracle.com/"/>
    <property name="os.name" value="Mac OS X"/>
    <property name="java.vm.specification.version" value="16"/>
    <property name="sun.java.launcher" value="SUN_STANDARD"/>
    <property name="user.country" value="GB"/>
    <property name="sun.boot.library.path" value="/Users/patrickvanleipsig/Library/Java/JavaVirtualMachines/openjdk-16.0.1/Contents/Home/lib"/>
    <property name="sun.java.command" value="org.apache.maven.surefire.booter.ForkedBooter /Users/patrickvanleipsig/Documents/GitHub/prj2-2021-prj2-2021-12/implementation/BusinessLogic/target/surefire 2021-06-04T10-47-40_321-jvmRun1 surefire18127988964063551987tmp surefire_23674756674022783881tmp"/>
    <property name="http.nonProxyHosts" value="local|*.local|169.254/16|*.169.254/16"/>
    <property name="jdk.debug" value="release"/>
    <property name="surefire.test.class.path" value="/Users/patrickvanleipsig/Documents/GitHub/prj2-2021-prj2-2021-12/implementation/BusinessLogic/target/test-classes:/Users/patrickvanleipsig/.m2/repository/org/postgresql/postgresql/42.2.5/postgresql-42.2.5.jar:/Users/patrickvanleipsig/.m2/repository/org/assertj/assertj-core/3.18.1/assertj-core-3.18.1.jar:/Users/patrickvanleipsig/.m2/repository/org/mockito/mockito-core/3.5.13/mockito-core-3.5.13.jar:/Users/patrickvanleipsig/.m2/repository/net/bytebuddy/byte-buddy/1.10.15/byte-buddy-1.10.15.jar:/Users/patrickvanleipsig/.m2/repository/net/bytebuddy/byte-buddy-agent/1.10.15/byte-buddy-agent-1.10.15.jar:/Users/patrickvanleipsig/.m2/repository/org/objenesis/objenesis/3.1/objenesis-3.1.jar:/Users/patrickvanleipsig/.m2/repository/org/mockito/mockito-junit-jupiter/3.5.13/mockito-junit-jupiter-3.5.13.jar:/Users/patrickvanleipsig/.m2/repository/org/junit/jupiter/junit-jupiter-api/5.7.0/junit-jupiter-api-5.7.0.jar:/Users/patrickvanleipsig/.m2/repository/org/apiguardian/apiguardian-api/1.1.0/apiguardian-api-1.1.0.jar:/Users/patrickvanleipsig/.m2/repository/org/opentest4j/opentest4j/1.2.0/opentest4j-1.2.0.jar:/Users/patrickvanleipsig/.m2/repository/org/junit/platform/junit-platform-commons/1.7.0/junit-platform-commons-1.7.0.jar:/Users/patrickvanleipsig/.m2/repository/org/junit/jupiter/junit-jupiter-params/5.7.0/junit-jupiter-params-5.7.0.jar:/Users/patrickvanleipsig/.m2/repository/org/junit/jupiter/junit-jupiter-engine/5.7.0/junit-jupiter-engine-5.7.0.jar:/Users/patrickvanleipsig/.m2/repository/org/junit/platform/junit-platform-engine/1.7.0/junit-platform-engine-1.7.0.jar:"/>
    <property name="sun.cpu.endian" value="little"/>
    <property name="user.home" value="/Users/patrickvanleipsig"/>
    <property name="user.language" value="en"/>
    <property name="java.specification.vendor" value="Oracle Corporation"/>
    <property name="jdk.module.path" value="/Users/patrickvanleipsig/Documents/GitHub/prj2-2021-prj2-2021-12/implementation/BusinessLogic/target/classes:/Users/patrickvanleipsig/Documents/GitHub/prj2-2021-prj2-2021-12/implementation/Persistence/target/classes:/Users/patrickvanleipsig/Documents/GitHub/prj2-2021-prj2-2021-12/implementation/DBConnection/target/classes:/Users/patrickvanleipsig/.m2/repository/org/mockito/mockito-all/1.9.5/mockito-all-1.9.5.jar:/Users/patrickvanleipsig/Documents/GitHub/prj2-2021-prj2-2021-12/implementation/Entities/target/classes"/>
    <property name="java.version.date" value="2021-04-20"/>
    <property name="java.home" value="/Users/patrickvanleipsig/Library/Java/JavaVirtualMachines/openjdk-16.0.1/Contents/Home"/>
    <property name="file.separator" value="/"/>
    <property name="basedir" value="/Users/patrickvanleipsig/Documents/GitHub/prj2-2021-prj2-2021-12/implementation/BusinessLogic"/>
    <property name="java.vm.compressedOopsMode" value="Zero based"/>
    <property name="line.separator" value="&#10;"/>
    <property name="java.specification.name" value="Java Platform API Specification"/>
    <property name="java.vm.specification.vendor" value="Oracle Corporation"/>
    <property name="surefire.real.class.path" value="/Users/patrickvanleipsig/.m2/repository/org/apache/maven/surefire/surefire-booter/2.22.2/surefire-booter-2.22.2.jar:/Users/patrickvanleipsig/.m2/repository/org/apache/maven/surefire/surefire-api/2.22.2/surefire-api-2.22.2.jar:/Users/patrickvanleipsig/.m2/repository/org/apache/maven/surefire/surefire-logger-api/2.22.2/surefire-logger-api-2.22.2.jar:/Users/patrickvanleipsig/Documents/GitHub/prj2-2021-prj2-2021-12/implementation/BusinessLogic/target/test-classes:/Users/patrickvanleipsig/.m2/repository/org/postgresql/postgresql/42.2.5/postgresql-42.2.5.jar:/Users/patrickvanleipsig/.m2/repository/org/assertj/assertj-core/3.18.1/assertj-core-3.18.1.jar:/Users/patrickvanleipsig/.m2/repository/org/mockito/mockito-core/3.5.13/mockito-core-3.5.13.jar:/Users/patrickvanleipsig/.m2/repository/net/bytebuddy/byte-buddy/1.10.15/byte-buddy-1.10.15.jar:/Users/patrickvanleipsig/.m2/repository/net/bytebuddy/byte-buddy-agent/1.10.15/byte-buddy-agent-1.10.15.jar:/Users/patrickvanleipsig/.m2/repository/org/objenesis/objenesis/3.1/objenesis-3.1.jar:/Users/patrickvanleipsig/.m2/repository/org/mockito/mockito-junit-jupiter/3.5.13/mockito-junit-jupiter-3.5.13.jar:/Users/patrickvanleipsig/.m2/repository/org/junit/jupiter/junit-jupiter-api/5.7.0/junit-jupiter-api-5.7.0.jar:/Users/patrickvanleipsig/.m2/repository/org/apiguardian/apiguardian-api/1.1.0/apiguardian-api-1.1.0.jar:/Users/patrickvanleipsig/.m2/repository/org/opentest4j/opentest4j/1.2.0/opentest4j-1.2.0.jar:/Users/patrickvanleipsig/.m2/repository/org/junit/platform/junit-platform-commons/1.7.0/junit-platform-commons-1.7.0.jar:/Users/patrickvanleipsig/.m2/repository/org/junit/jupiter/junit-jupiter-params/5.7.0/junit-jupiter-params-5.7.0.jar:/Users/patrickvanleipsig/.m2/repository/org/junit/jupiter/junit-jupiter-engine/5.7.0/junit-jupiter-engine-5.7.0.jar:/Users/patrickvanleipsig/.m2/repository/org/junit/platform/junit-platform-engine/1.7.0/junit-platform-engine-1.7.0.jar:/Users/patrickvanleipsig/.m2/repository/org/apache/maven/surefire/surefire-junit-platform/2.22.2/surefire-junit-platform-2.22.2.jar:/Users/patrickvanleipsig/.m2/repository/org/junit/platform/junit-platform-launcher/1.3.1/junit-platform-launcher-1.3.1.jar"/>
    <property name="sun.management.compiler" value="HotSpot 64-Bit Tiered Compilers"/>
    <property name="ftp.nonProxyHosts" value="local|*.local|169.254/16|*.169.254/16"/>
    <property name="java.runtime.version" value="16.0.1+9-24"/>
    <property name="user.name" value="patrickvanleipsig"/>
    <property name="path.separator" value=":"/>
    <property name="os.version" value="11.3"/>
    <property name="java.runtime.name" value="OpenJDK Runtime Environment"/>
    <property name="file.encoding" value="UTF-8"/>
    <property name="java.vm.name" value="OpenJDK 64-Bit Server VM"/>
    <property name="localRepository" value="/Users/patrickvanleipsig/.m2/repository"/>
    <property name="java.vendor.url.bug" value="https://bugreport.java.com/bugreport/"/>
    <property name="java.io.tmpdir" value="/var/folders/ny/pfl6zwd55pl_kn_mzl6gcjr80000gn/T/"/>
    <property name="java.version" value="16.0.1"/>
    <property name="user.dir" value="/Users/patrickvanleipsig/Documents/GitHub/prj2-2021-prj2-2021-12/implementation/BusinessLogic"/>
    <property name="os.arch" value="x86_64"/>
    <property name="java.vm.specification.name" value="Java Virtual Machine Specification"/>
    <property name="java.library.path" value="/Users/patrickvanleipsig/Library/Java/Extensions:/Library/Java/Extensions:/Network/Library/Java/Extensions:/System/Library/Java/Extensions:/usr/lib/java:."/>
    <property name="java.vm.info" value="mixed mode"/>
    <property name="java.vendor" value="Oracle Corporation"/>
    <property name="java.vm.version" value="16.0.1+9-24"/>
    <property name="sun.io.unicode.encoding" value="UnicodeBig"/>
    <property name="socksNonProxyHosts" value="local|*.local|169.254/16|*.169.254/16"/>
    <property name="java.class.version" value="60.0"/>
  </properties>
  <testcase name="incorrectInputValidationShouldReturnEmptyArraylist{String, String, String}[1]" classname="com.group_twelve.businesslogic.BookingManagerTest" time="0.014">
    <error message="&apos;org.mockito.session.MockitoSessionBuilder org.mockito.Mockito.mockitoSession()&apos;" type="java.lang.NoSuchMethodError">java.lang.NoSuchMethodError: 'org.mockito.session.MockitoSessionBuilder org.mockito.Mockito.mockitoSession()'
</error>
  </testcase>
  <testcase name="incorrectInputValidationShouldReturnEmptyArraylist{String, String, String}[2]" classname="com.group_twelve.businesslogic.BookingManagerTest" time="0.001">
    <error message="&apos;org.mockito.session.MockitoSessionBuilder org.mockito.Mockito.mockitoSession()&apos;" type="java.lang.NoSuchMethodError">java.lang.NoSuchMethodError: 'org.mockito.session.MockitoSessionBuilder org.mockito.Mockito.mockitoSession()'
</error>
  </testcase>
  <testcase name="incorrectInputValidationShouldReturnEmptyArraylist{String, String, String}[3]" classname="com.group_twelve.businesslogic.BookingManagerTest" time="0">
    <error message="&apos;org.mockito.session.MockitoSessionBuilder org.mockito.Mockito.mockitoSession()&apos;" type="java.lang.NoSuchMethodError">java.lang.NoSuchMethodError: 'org.mockito.session.MockitoSessionBuilder org.mockito.Mockito.mockitoSession()'
</error>
  </testcase>
  <testcase name="incorrectInputValidationShouldReturnEmptyArraylist{String, String, String}[4]" classname="com.group_twelve.businesslogic.BookingManagerTest" time="0.001">
    <error message="&apos;org.mockito.session.MockitoSessionBuilder org.mockito.Mockito.mockitoSession()&apos;" type="java.lang.NoSuchMethodError">java.lang.NoSuchMethodError: 'org.mockito.session.MockitoSessionBuilder org.mockito.Mockito.mockitoSession()'
</error>
  </testcase>
  <testcase name="getAllBookingsReturnValidBookingEntity" classname="com.group_twelve.businesslogic.BookingManagerTest" time="0">
    <error message="&apos;org.mockito.session.MockitoSessionBuilder org.mockito.Mockito.mockitoSession()&apos;" type="java.lang.NoSuchMethodError">java.lang.NoSuchMethodError: 'org.mockito.session.MockitoSessionBuilder org.mockito.Mockito.mockitoSession()'
</error>
  </testcase>
  <testcase name="correctInputValidationShouldBeAcceptedTest{String, String, String, String, String, String}[1]" classname="com.group_twelve.businesslogic.BookingManagerTest" time="0.001">
    <error message="&apos;org.mockito.session.MockitoSessionBuilder org.mockito.Mockito.mockitoSession()&apos;" type="java.lang.NoSuchMethodError">java.lang.NoSuchMethodError: 'org.mockito.session.MockitoSessionBuilder org.mockito.Mockito.mockitoSession()'
</error>
  </testcase>
  <testcase name="correctInputValidationShouldBeAcceptedTest{String, String, String, String, String, String}[2]" classname="com.group_twelve.businesslogic.BookingManagerTest" time="0.001">
    <error message="&apos;org.mockito.session.MockitoSessionBuilder org.mockito.Mockito.mockitoSession()&apos;" type="java.lang.NoSuchMethodError">java.lang.NoSuchMethodError: 'org.mockito.session.MockitoSessionBuilder org.mockito.Mockito.mockitoSession()'
</error>
  </testcase>
  <testcase name="getAllBookingsReturnEmptyArrayListWhenDBIsEmpty" classname="com.group_twelve.businesslogic.BookingManagerTest" time="0.001">
    <error message="&apos;org.mockito.session.MockitoSessionBuilder org.mockito.Mockito.mockitoSession()&apos;" type="java.lang.NoSuchMethodError">java.lang.NoSuchMethodError: 'org.mockito.session.MockitoSessionBuilder org.mockito.Mockito.mockitoSession()'
</error>
  </testcase>
</testsuite>