<?xml version="1.0" encoding="UTF-8"?>
<testsuite xmlns:xsi="http://www.w3.org/2001/XMLSchema-instance" xsi:noNamespaceSchemaLocation="https://maven.apache.org/surefire/maven-surefire-plugin/xsd/surefire-test-report.xsd" name="com.group_twelve.businesslogic.BusinesslogicTest" time="0.015" tests="4" errors="0" skipped="0" failures="0">
  <properties>
    <property name="java.specification.version" value="15"/>
    <property name="sun.jnu.encoding" value="UTF-8"/>
    <property name="java.class.path" value="/home/timo/fontys/prj2/implementation/BusinessLogic/target/test-classes:/home/timo/.m2/repository/org/postgresql/postgresql/42.2.5/postgresql-42.2.5.jar:/home/timo/.m2/repository/org/assertj/assertj-core/3.18.1/assertj-core-3.18.1.jar:/home/timo/.m2/repository/org/mockito/mockito-core/3.5.13/mockito-core-3.5.13.jar:/home/timo/.m2/repository/net/bytebuddy/byte-buddy/1.10.15/byte-buddy-1.10.15.jar:/home/timo/.m2/repository/net/bytebuddy/byte-buddy-agent/1.10.15/byte-buddy-agent-1.10.15.jar:/home/timo/.m2/repository/org/objenesis/objenesis/3.1/objenesis-3.1.jar:/home/timo/.m2/repository/org/mockito/mockito-junit-jupiter/3.5.13/mockito-junit-jupiter-3.5.13.jar:/home/timo/.m2/repository/org/junit/jupiter/junit-jupiter-api/5.7.0/junit-jupiter-api-5.7.0.jar:/home/timo/.m2/repository/org/apiguardian/apiguardian-api/1.1.0/apiguardian-api-1.1.0.jar:/home/timo/.m2/repository/org/opentest4j/opentest4j/1.2.0/opentest4j-1.2.0.jar:/home/timo/.m2/repository/org/junit/platform/junit-platform-commons/1.7.0/junit-platform-commons-1.7.0.jar:/home/timo/.m2/repository/org/junit/jupiter/junit-jupiter-params/5.7.0/junit-jupiter-params-5.7.0.jar:/home/timo/.m2/repository/org/junit/jupiter/junit-jupiter-engine/5.7.0/junit-jupiter-engine-5.7.0.jar:/home/timo/.m2/repository/org/junit/platform/junit-platform-engine/1.7.0/junit-platform-engine-1.7.0.jar:"/>
    <property name="java.vm.vendor" value="Oracle Corporation"/>
    <property name="sun.arch.data.model" value="64"/>
    <property name="java.vendor.url" value="https://openjdk.java.net/"/>
    <property name="os.name" value="Linux"/>
    <property name="java.vm.specification.version" value="15"/>
    <property name="user.country" value="US"/>
    <property name="sun.java.launcher" value="SUN_STANDARD"/>
    <property name="sun.boot.library.path" value="/usr/lib/jvm/java-15-openjdk/lib"/>
    <property name="sun.java.command" value="org.apache.maven.surefire.booter.ForkedBooter /home/timo/fontys/prj2/implementation/BusinessLogic/target/surefire 2021-05-12T14-50-40_780-jvmRun1 surefire16667676993558738767tmp surefire_28167612865964347611tmp"/>
    <property name="jdk.debug" value="release"/>
    <property name="surefire.test.class.path" value="/home/timo/fontys/prj2/implementation/BusinessLogic/target/test-classes:/home/timo/.m2/repository/org/postgresql/postgresql/42.2.5/postgresql-42.2.5.jar:/home/timo/.m2/repository/org/assertj/assertj-core/3.18.1/assertj-core-3.18.1.jar:/home/timo/.m2/repository/org/mockito/mockito-core/3.5.13/mockito-core-3.5.13.jar:/home/timo/.m2/repository/net/bytebuddy/byte-buddy/1.10.15/byte-buddy-1.10.15.jar:/home/timo/.m2/repository/net/bytebuddy/byte-buddy-agent/1.10.15/byte-buddy-agent-1.10.15.jar:/home/timo/.m2/repository/org/objenesis/objenesis/3.1/objenesis-3.1.jar:/home/timo/.m2/repository/org/mockito/mockito-junit-jupiter/3.5.13/mockito-junit-jupiter-3.5.13.jar:/home/timo/.m2/repository/org/junit/jupiter/junit-jupiter-api/5.7.0/junit-jupiter-api-5.7.0.jar:/home/timo/.m2/repository/org/apiguardian/apiguardian-api/1.1.0/apiguardian-api-1.1.0.jar:/home/timo/.m2/repository/org/opentest4j/opentest4j/1.2.0/opentest4j-1.2.0.jar:/home/timo/.m2/repository/org/junit/platform/junit-platform-commons/1.7.0/junit-platform-commons-1.7.0.jar:/home/timo/.m2/repository/org/junit/jupiter/junit-jupiter-params/5.7.0/junit-jupiter-params-5.7.0.jar:/home/timo/.m2/repository/org/junit/jupiter/junit-jupiter-engine/5.7.0/junit-jupiter-engine-5.7.0.jar:/home/timo/.m2/repository/org/junit/platform/junit-platform-engine/1.7.0/junit-platform-engine-1.7.0.jar:"/>
    <property name="sun.cpu.endian" value="little"/>
    <property name="user.home" value="/home/timo"/>
    <property name="user.language" value="en"/>
    <property name="java.specification.vendor" value="Oracle Corporation"/>
    <property name="jdk.module.path" value="/home/timo/fontys/prj2/implementation/BusinessLogic/target/classes:/home/timo/fontys/prj2/implementation/Persistence/target/Persistence-1.0-SNAPSHOT.jar:/home/timo/fontys/prj2/implementation/DBConnection/target/DBConnection-1.0-SNAPSHOT.jar:/home/timo/.m2/repository/org/mockito/mockito-all/1.9.5/mockito-all-1.9.5.jar:/home/timo/fontys/prj2/implementation/Entities/target/entities-1.0-SNAPSHOT.jar"/>
    <property name="java.version.date" value="2021-01-19"/>
    <property name="java.home" value="/usr/lib/jvm/java-15-openjdk"/>
    <property name="file.separator" value="/"/>
    <property name="basedir" value="/home/timo/fontys/prj2/implementation/BusinessLogic"/>
    <property name="java.vm.compressedOopsMode" value="Zero based"/>
    <property name="line.separator" value="&#10;"/>
    <property name="java.specification.name" value="Java Platform API Specification"/>
    <property name="java.vm.specification.vendor" value="Oracle Corporation"/>
    <property name="surefire.real.class.path" value="/home/timo/.m2/repository/org/apache/maven/surefire/surefire-booter/2.22.2/surefire-booter-2.22.2.jar:/home/timo/.m2/repository/org/apache/maven/surefire/surefire-api/2.22.2/surefire-api-2.22.2.jar:/home/timo/.m2/repository/org/apache/maven/surefire/surefire-logger-api/2.22.2/surefire-logger-api-2.22.2.jar:/home/timo/fontys/prj2/implementation/BusinessLogic/target/test-classes:/home/timo/.m2/repository/org/postgresql/postgresql/42.2.5/postgresql-42.2.5.jar:/home/timo/.m2/repository/org/assertj/assertj-core/3.18.1/assertj-core-3.18.1.jar:/home/timo/.m2/repository/org/mockito/mockito-core/3.5.13/mockito-core-3.5.13.jar:/home/timo/.m2/repository/net/bytebuddy/byte-buddy/1.10.15/byte-buddy-1.10.15.jar:/home/timo/.m2/repository/net/bytebuddy/byte-buddy-agent/1.10.15/byte-buddy-agent-1.10.15.jar:/home/timo/.m2/repository/org/objenesis/objenesis/3.1/objenesis-3.1.jar:/home/timo/.m2/repository/org/mockito/mockito-junit-jupiter/3.5.13/mockito-junit-jupiter-3.5.13.jar:/home/timo/.m2/repository/org/junit/jupiter/junit-jupiter-api/5.7.0/junit-jupiter-api-5.7.0.jar:/home/timo/.m2/repository/org/apiguardian/apiguardian-api/1.1.0/apiguardian-api-1.1.0.jar:/home/timo/.m2/repository/org/opentest4j/opentest4j/1.2.0/opentest4j-1.2.0.jar:/home/timo/.m2/repository/org/junit/platform/junit-platform-commons/1.7.0/junit-platform-commons-1.7.0.jar:/home/timo/.m2/repository/org/junit/jupiter/junit-jupiter-params/5.7.0/junit-jupiter-params-5.7.0.jar:/home/timo/.m2/repository/org/junit/jupiter/junit-jupiter-engine/5.7.0/junit-jupiter-engine-5.7.0.jar:/home/timo/.m2/repository/org/junit/platform/junit-platform-engine/1.7.0/junit-platform-engine-1.7.0.jar:/home/timo/.m2/repository/org/apache/maven/surefire/surefire-junit-platform/2.22.2/surefire-junit-platform-2.22.2.jar:/home/timo/.m2/repository/org/junit/platform/junit-platform-launcher/1.3.1/junit-platform-launcher-1.3.1.jar"/>
    <property name="sun.management.compiler" value="HotSpot 64-Bit Tiered Compilers"/>
    <property name="java.runtime.version" value="15.0.2+7"/>
    <property name="user.name" value="timo"/>
    <property name="path.separator" value=":"/>
    <property name="os.version" value="5.12.1-2-MANJARO"/>
    <property name="java.runtime.name" value="OpenJDK Runtime Environment"/>
    <property name="file.encoding" value="UTF-8"/>
    <property name="java.vm.name" value="OpenJDK 64-Bit Server VM"/>
    <property name="maven.ext.class.path" value="/usr/lib/netbeans/java/maven-nblib/netbeans-eventspy.jar"/>
    <property name="localRepository" value="/home/timo/.m2/repository"/>
    <property name="java.vendor.url.bug" value="https://bugreport.java.com/bugreport/"/>
    <property name="java.io.tmpdir" value="/tmp"/>
    <property name="java.version" value="15.0.2"/>
    <property name="user.dir" value="/home/timo/fontys/prj2/implementation/BusinessLogic"/>
    <property name="os.arch" value="amd64"/>
    <property name="java.vm.specification.name" value="Java Virtual Machine Specification"/>
    <property name="java.library.path" value="/usr/java/packages/lib:/usr/lib64:/lib64:/lib:/usr/lib"/>
    <property name="java.vm.info" value="mixed mode"/>
    <property name="java.vendor" value="N/A"/>
    <property name="java.vm.version" value="15.0.2+7"/>
    <property name="sun.io.unicode.encoding" value="UnicodeLittle"/>
    <property name="java.class.version" value="59.0"/>
  </properties>
  <testcase name="testAddPlane" classname="com.group_twelve.businesslogic.BusinesslogicTest" time="0.01"/>
  <testcase name="testAddRoute" classname="com.group_twelve.businesslogic.BusinesslogicTest" time="0"/>
  <testcase name="testAddAirport" classname="com.group_twelve.businesslogic.BusinesslogicTest" time="0"/>
  <testcase name="testAddFlight" classname="com.group_twelve.businesslogic.BusinesslogicTest" time="0.001"/>
</testsuite>